\BOOKMARK [1][-]{section.1}{Introduction}{}% 1
\BOOKMARK [1][-]{section.2}{Motivation}{}% 2
\BOOKMARK [2][-]{subsection.2.1}{Bonds\040Market\040Segmentation}{section.2}% 3
\BOOKMARK [2][-]{subsection.2.2}{Finding\040the\040Proper\040Quantity\040Index}{section.2}% 4
\BOOKMARK [1][-]{section.3}{The\040User\040Cost\040of\040Treasury\040Securities}{}% 5
\BOOKMARK [2][-]{subsection.3.1}{Long-Term\040Asset\040Dynamics}{section.3}% 6
\BOOKMARK [2][-]{subsection.3.2}{Representative\040Household}{section.3}% 7
\BOOKMARK [1][-]{section.4}{Data\040and\040Methodology}{}% 8
\BOOKMARK [1][-]{section.5}{Results}{}% 9
\BOOKMARK [2][-]{subsection.5.1}{The\040Measure}{section.5}% 10
\BOOKMARK [1][-]{appendix.A}{Representative\040Household\040Solution}{}% 11
\BOOKMARK [2][-]{subsection.A.1}{Household's\040Problem}{appendix.A}% 12
\BOOKMARK [2][-]{subsection.A.2}{Bellman\040Equation}{appendix.A}% 13
\BOOKMARK [2][-]{subsection.A.3}{First\040Order\040Conditions}{appendix.A}% 14
\BOOKMARK [2][-]{subsection.A.4}{Bienveniste-Scheinkman\040Conditions}{appendix.A}% 15
\BOOKMARK [2][-]{subsection.A.5}{Optimality\040Conditions}{appendix.A}% 16
\BOOKMARK [1][-]{appendix.B}{Derivation\040of\040the\040User\040Costs}{}% 17
\BOOKMARK [1][-]{appendix.C}{The\040Full\040Model}{}% 18
\BOOKMARK [2][-]{subsection.C.1}{The\040Representative\040Household}{appendix.C}% 19
\BOOKMARK [2][-]{subsection.C.2}{Final\040Goods-Producing\040Firm}{appendix.C}% 20
\BOOKMARK [2][-]{subsection.C.3}{Intermediate\040Goods\040Producing\040Firms}{appendix.C}% 21
\BOOKMARK [2][-]{subsection.C.4}{Fiscal\040and\040Monetary\040Policy}{appendix.C}% 22
\BOOKMARK [2][-]{subsection.C.5}{Equilibrium\040Conditions\040and\040Calibration}{appendix.C}% 23
