This is pdfTeX, Version 3.14159265-2.6-1.40.16 (TeX Live 2015) (preloaded format=pdflatex 2015.5.24)  19 OCT 2023 10:03
entering extended mode
 restricted \write18 enabled.
 file:line:error style messages enabled.
 %&-line parsing enabled.
**/Users/andrewkeinsley/Documents/Fiscal_Money_Paper/Cover_Letter/Cover_Letter.tex
(/Users/andrewkeinsley/Documents/Fiscal_Money_Paper/Cover_Letter/Cover_Letter.tex
LaTeX2e <2015/01/01>
Babel <3.9l> and hyphenation patterns for 79 languages loaded.
(/usr/local/texlive/2015/texmf-dist/tex/latex/koma-script/scrlttr2.cls
Document Class: scrlttr2 2015/05/06 v3.17a KOMA-Script document class (letter)
(/usr/local/texlive/2015/texmf-dist/tex/latex/koma-script/scrkbase.sty
Package: scrkbase 2015/05/06 v3.17a KOMA-Script package (KOMA-Script-dependent basics and keyval usage)
 (/usr/local/texlive/2015/texmf-dist/tex/latex/koma-script/scrbase.sty
Package: scrbase 2015/05/06 v3.17a KOMA-Script package (KOMA-Script-independent basics and keyval usage)
 (/usr/local/texlive/2015/texmf-dist/tex/latex/graphics/keyval.sty
Package: keyval 2014/10/28 v1.15 key=value parser (DPC)
\KV@toks@=\toks14
) (/usr/local/texlive/2015/texmf-dist/tex/latex/koma-script/scrlfile.sty
Package: scrlfile 2015/05/06 v3.17a KOMA-Script package (loading files)

Package scrlfile, 2015/05/06 v3.17a KOMA-Script package (loading files)
                  Copyright (C) Markus Kohm

)))
Package scrlttr2 Info: You've used standard option `12pt'.
(scrlttr2)             This is correct!
(scrlttr2)             Internally I'm using `fontsize=12pt'.
(scrlttr2)             If you'd like to set the option with \KOMAoptions,
(scrlttr2)             you'd have to use `fontsize=12pt' there
(scrlttr2)             instead of `12pt', too.
Class scrlttr2 Info: File `scrsize12pt.clo' used to setup font sizes on input line 1755.
 (/usr/local/texlive/2015/texmf-dist/tex/latex/koma-script/scrsize12pt.clo
File: scrsize12pt.clo 2015/05/06 v3.17a KOMA-Script font size class option (12pt)
)
LaTeX Info: Redefining \textsubscript on input line 1849.
 (/usr/local/texlive/2015/texmf-dist/tex/latex/koma-script/typearea.sty
Package: typearea 2015/05/06 v3.17a KOMA-Script package (type area)

Package typearea, 2015/05/06 v3.17a KOMA-Script package (type area)
                  Copyright (C) Frank Neukam, 1992-1994
                  Copyright (C) Markus Kohm, 1994-

\ta@bcor=\skip41
\ta@div=\count79
\ta@hblk=\skip42
\ta@vblk=\skip43
\ta@temp=\skip44
\footheight=\skip45
Package typearea Info: These are the values describing the layout:
(typearea)             DIV  = 12
(typearea)             BCOR = 0.0pt
(typearea)             \paperwidth      = 597.50793pt
(typearea)              \textwidth      = 448.13095pt
(typearea)              DIV departure   = -6%
(typearea)              \evensidemargin = 2.4185pt
(typearea)              \oddsidemargin  = 2.4185pt
(typearea)             \paperheight     = 845.04694pt
(typearea)              \textheight     = 635.5pt
(typearea)              \topmargin      = -41.72441pt
(typearea)              \headheight     = 18.125pt
(typearea)              \headsep        = 21.75pt
(typearea)              \topskip        = 12.0pt
(typearea)              \footskip       = 50.75pt
(typearea)              \baselineskip   = 14.5pt
(typearea)              on input line 1485.
))
Class scrlttr2 Info: Letter-Class-Option `DIN' loaded on input line 2.
 (/usr/local/texlive/2015/texmf-dist/tex/latex/koma-script/DIN.lco
File: DIN.lco 2015/05/06 v3.17a KOMA-Script letter-class-option
) (/usr/local/texlive/2015/texmf-dist/tex/latex/geometry/geometry.sty
Package: geometry 2010/09/12 v5.6 Page Geometry
 (/usr/local/texlive/2015/texmf-dist/tex/generic/oberdiek/ifpdf.sty
Package: ifpdf 2011/01/30 v2.3 Provides the ifpdf switch (HO)
Package ifpdf Info: pdfTeX in PDF mode is detected.
) (/usr/local/texlive/2015/texmf-dist/tex/generic/oberdiek/ifvtex.sty
Package: ifvtex 2010/03/01 v1.5 Detect VTeX and its facilities (HO)
Package ifvtex Info: VTeX not detected.
) (/usr/local/texlive/2015/texmf-dist/tex/generic/ifxetex/ifxetex.sty
Package: ifxetex 2010/09/12 v0.6 Provides ifxetex conditional
)
\Gm@cnth=\count80
\Gm@cntv=\count81
\c@Gm@tempcnt=\count82
\Gm@bindingoffset=\dimen102
\Gm@wd@mp=\dimen103
\Gm@odd@mp=\dimen104
\Gm@even@mp=\dimen105
\Gm@layoutwidth=\dimen106
\Gm@layoutheight=\dimen107
\Gm@layouthoffset=\dimen108
\Gm@layoutvoffset=\dimen109
\Gm@dimlist=\toks15
) (/usr/local/texlive/2015/texmf-dist/tex/latex/graphics/graphicx.sty
Package: graphicx 2014/10/28 v1.0g Enhanced LaTeX Graphics (DPC,SPQR)
 (/usr/local/texlive/2015/texmf-dist/tex/latex/graphics/graphics.sty
Package: graphics 2014/10/28 v1.0p Standard LaTeX Graphics (DPC,SPQR)
 (/usr/local/texlive/2015/texmf-dist/tex/latex/graphics/trig.sty
Package: trig 1999/03/16 v1.09 sin cos tan (DPC)
) (/usr/local/texlive/2015/texmf-dist/tex/latex/latexconfig/graphics.cfg
File: graphics.cfg 2010/04/23 v1.9 graphics configuration of TeX Live
)
Package graphics Info: Driver file: pdftex.def on input line 94.
 (/usr/local/texlive/2015/texmf-dist/tex/latex/pdftex-def/pdftex.def
File: pdftex.def 2011/05/27 v0.06d Graphics/color for pdfTeX
 (/usr/local/texlive/2015/texmf-dist/tex/generic/oberdiek/infwarerr.sty
Package: infwarerr 2010/04/08 v1.3 Providing info/warning/error messages (HO)
) (/usr/local/texlive/2015/texmf-dist/tex/generic/oberdiek/ltxcmds.sty
Package: ltxcmds 2011/11/09 v1.22 LaTeX kernel commands for general use (HO)
)
\Gread@gobject=\count83
))
\Gin@req@height=\dimen110
\Gin@req@width=\dimen111
) (/usr/local/texlive/2015/texmf-dist/tex/latex/wasysym/wasysym.sty
Package: wasysym 2003/10/30 v2.0 Wasy-2 symbol support package
\symwasy=\mathgroup4
LaTeX Font Info:    Overwriting symbol font `wasy' in version `bold'
(Font)                  U/wasy/m/n --> U/wasy/b/n on input line 90.
) (/usr/local/texlive/2015/texmf-dist/tex/latex/marvosym/marvosym.sty
Package: marvosym 2011/07/20 v2.2 Martin Vogel's Symbols font definitions
)

Class scrlttr2 Warning: \date changes the internal \LaTeX date only.
(scrlttr2)              You should note that this changes the default
(scrlttr2)              value of variable `date' only as long as someone
(scrlttr2)              uses `\setkomavar` to change the content of
(scrlttr2)              variable `date'.
(scrlttr2)              Therefore, usage of `\setkomavar' is recommended
(scrlttr2)              to change the letter's date on input line 12.

(/Users/andrewkeinsley/Documents/Fiscal_Money_Paper/Cover_Letter/Cover_Letter.aux)
\openout1 = `Cover_Letter.aux'.

LaTeX Font Info:    Checking defaults for OML/cmm/m/it on input line 14.
LaTeX Font Info:    ... okay on input line 14.
LaTeX Font Info:    Checking defaults for T1/cmr/m/n on input line 14.
LaTeX Font Info:    ... okay on input line 14.
LaTeX Font Info:    Checking defaults for OT1/cmr/m/n on input line 14.
LaTeX Font Info:    ... okay on input line 14.
LaTeX Font Info:    Checking defaults for OMS/cmsy/m/n on input line 14.
LaTeX Font Info:    ... okay on input line 14.
LaTeX Font Info:    Checking defaults for OMX/cmex/m/n on input line 14.
LaTeX Font Info:    ... okay on input line 14.
LaTeX Font Info:    Checking defaults for U/cmr/m/n on input line 14.
LaTeX Font Info:    ... okay on input line 14.
Package scrbase Info: activating english \yourrefname on input line 14.
Package scrbase Info: activating english \yourmailname on input line 14.
Package scrbase Info: activating english \myrefname on input line 14.
Package scrbase Info: activating english \customername on input line 14.
Package scrbase Info: activating english \invoicename on input line 14.
Package scrbase Info: activating english \subjectname on input line 14.
Package scrbase Info: activating english \ccname on input line 14.
Package scrbase Info: activating english \enclname on input line 14.
Package scrbase Info: activating english \headtoname on input line 14.
Package scrbase Info: activating english \headfromname on input line 14.
Package scrbase Info: activating english \datename on input line 14.
Package scrbase Info: activating english \pagename on input line 14.
Package scrbase Info: activating english \phonename on input line 14.
Package scrbase Info: activating english \mobilephonename on input line 14.
Package scrbase Info: activating english \faxname on input line 14.
Package scrbase Info: activating english \emailname on input line 14.
Package scrbase Info: activating english \wwwname on input line 14.
Package scrbase Info: activating english \bankname on input line 14.
Class scrlttr2 Info: no date found for language `american'
(scrlttr2)           --> skipped on input line 14.
Class scrlttr2 Info: no date found for language `australien'
(scrlttr2)           --> skipped on input line 14.
Class scrlttr2 Info: no date found for language `british'
(scrlttr2)           --> skipped on input line 14.
Class scrlttr2 Info: no date found for language `canadian'
(scrlttr2)           --> skipped on input line 14.
Class scrlttr2 Info: no date found for language `newzealand'
(scrlttr2)           --> skipped on input line 14.
Class scrlttr2 Info: no date found for language `USenglish'
(scrlttr2)           --> skipped on input line 14.
Class scrlttr2 Info: no date found for language `UKenglish'
(scrlttr2)           --> skipped on input line 14.
Class scrlttr2 Info: no date found for language `german'
(scrlttr2)           --> skipped on input line 14.
Class scrlttr2 Info: no date found for language `ngerman'
(scrlttr2)           --> skipped on input line 14.
Class scrlttr2 Info: no date found for language `austrian'
(scrlttr2)           --> skipped on input line 14.
Class scrlttr2 Info: no date found for language `naustrian'
(scrlttr2)           --> skipped on input line 14.
Class scrlttr2 Info: no date found for language `swissgerman'
(scrlttr2)           --> skipped on input line 14.
Class scrlttr2 Info: no date found for language `nswissgerman'
(scrlttr2)           --> skipped on input line 14.
Class scrlttr2 Info: no date found for language `acadian'
(scrlttr2)           --> skipped on input line 14.
Class scrlttr2 Info: no date found for language `canadien'
(scrlttr2)           --> skipped on input line 14.
Class scrlttr2 Info: no date found for language `francais'
(scrlttr2)           --> skipped on input line 14.
Class scrlttr2 Info: no date found for language `french'
(scrlttr2)           --> skipped on input line 14.
Class scrlttr2 Info: no date found for language `italian'
(scrlttr2)           --> skipped on input line 14.
Class scrlttr2 Info: no date found for language `spanish'
(scrlttr2)           --> skipped on input line 14.
Class scrlttr2 Info: no date found for language `croatian'
(scrlttr2)           --> skipped on input line 14.
Class scrlttr2 Info: no date found for language `dutch'
(scrlttr2)           --> skipped on input line 14.
Class scrlttr2 Info: no date found for language `finnish'
(scrlttr2)           --> skipped on input line 14.
Class scrlttr2 Info: no date found for language `norsk'
(scrlttr2)           --> skipped on input line 14.
Class scrlttr2 Info: no date found for language `swedish'
(scrlttr2)           --> skipped on input line 14.
Class scrlttr2 Info: no date found for language `polish'
(scrlttr2)           --> skipped on input line 14.
Class scrlttr2 Info: no date found for language `czech'
(scrlttr2)           --> skipped on input line 14.
Class scrlttr2 Info: no date found for language `slovak'
(scrlttr2)           --> skipped on input line 14.
Class scrlttr2 Info: trying to activate captions and date
(scrlttr2)           of language `english' on input line 14.
Class scrlttr2 Info: used language is `english'.
(scrlttr2)           Supported languages are: `english', `UKenglish',
(scrlttr2)           `british', `american', `USenglish', `australian`,
(scrlttr2)           `canadian', `newzealand',
(scrlttr2)           `german', `ngerman', `austrian', `naustrian',
(scrlttr2)           `swissgerman', `nswissgermsn',
(scrlttr2)           `acadian', `canadien', `francais', `french', 
(scrlttr2)           `dutch', `italian', `spanish', `polish',
(scrlttr2)           `croatian', `finnish', `norsk', `swedish',
(scrlttr2)           `czech'. `slovak'  on input line 14.

*geometry* driver: auto-detecting
*geometry* detected driver: pdftex
*geometry* verbose mode - [ preamble ] result:
* driver: pdftex
* paper: <default>
* layout: <same size as paper>
* layoutoffset:(h,v)=(0.0pt,0.0pt)
* modes: 
* h-part:(L,W,R)=(89.6271pt, 418.25372pt, 89.6271pt)
* v-part:(T,H,B)=(101.40665pt, 591.53027pt, 152.11002pt)
* \paperwidth=597.50793pt
* \paperheight=845.04694pt
* \textwidth=418.25372pt
* \textheight=591.53027pt
* \oddsidemargin=17.35712pt
* \evensidemargin=17.35712pt
* \topmargin=-10.73834pt
* \headheight=18.125pt
* \headsep=21.75pt
* \topskip=12.0pt
* \footskip=50.75pt
* \marginparwidth=49.79233pt
* \marginparsep=12.8401pt
* \columnsep=0.0pt
* \skip\footins=10.8pt plus 4.0pt minus 2.0pt
* \hoffset=0.0pt
* \voffset=0.0pt
* \mag=1000
* \@twocolumnfalse
* \@twosidefalse
* \@mparswitchfalse
* \@reversemarginfalse
* (1in=72.27pt=25.4mm, 1cm=28.453pt)

(/usr/local/texlive/2015/texmf-dist/tex/context/base/supp-pdf.mkii
[Loading MPS to PDF converter (version 2006.09.02).]
\scratchcounter=\count84
\scratchdimen=\dimen112
\scratchbox=\box26
\nofMPsegments=\count85
\nofMParguments=\count86
\everyMPshowfont=\toks16
\MPscratchCnt=\count87
\MPscratchDim=\dimen113
\MPnumerator=\count88
\makeMPintoPDFobject=\count89
\everyMPtoPDFconversion=\toks17
) (/usr/local/texlive/2015/texmf-dist/tex/generic/oberdiek/pdftexcmds.sty
Package: pdftexcmds 2011/11/29 v0.20 Utility functions of pdfTeX for LuaTeX (HO)
 (/usr/local/texlive/2015/texmf-dist/tex/generic/oberdiek/ifluatex.sty
Package: ifluatex 2010/03/01 v1.3 Provides the ifluatex switch (HO)
Package ifluatex Info: LuaTeX not detected.
)
Package pdftexcmds Info: LuaTeX not detected.
Package pdftexcmds Info: \pdf@primitive is available.
Package pdftexcmds Info: \pdf@ifprimitive is available.
Package pdftexcmds Info: \pdfdraftmode found.
) (/usr/local/texlive/2015/texmf-dist/tex/latex/oberdiek/epstopdf-base.sty
Package: epstopdf-base 2010/02/09 v2.5 Base part for package epstopdf
 (/usr/local/texlive/2015/texmf-dist/tex/latex/oberdiek/grfext.sty
Package: grfext 2010/08/19 v1.1 Manage graphics extensions (HO)
 (/usr/local/texlive/2015/texmf-dist/tex/generic/oberdiek/kvdefinekeys.sty
Package: kvdefinekeys 2011/04/07 v1.3 Define keys (HO)
)) (/usr/local/texlive/2015/texmf-dist/tex/latex/oberdiek/kvoptions.sty
Package: kvoptions 2011/06/30 v3.11 Key value format for package options (HO)
 (/usr/local/texlive/2015/texmf-dist/tex/generic/oberdiek/kvsetkeys.sty
Package: kvsetkeys 2012/04/25 v1.16 Key value parser (HO)
 (/usr/local/texlive/2015/texmf-dist/tex/generic/oberdiek/etexcmds.sty
Package: etexcmds 2011/02/16 v1.5 Avoid name clashes with e-TeX commands (HO)
Package etexcmds Info: Could not find \expanded.
(etexcmds)             That can mean that you are not using pdfTeX 1.50 or
(etexcmds)             that some package has redefined \expanded.
(etexcmds)             In the latter case, load this package earlier.
)))
Package grfext Info: Graphics extension search list:
(grfext)             [.png,.pdf,.jpg,.mps,.jpeg,.jbig2,.jb2,.PNG,.PDF,.JPG,.JPEG,.JBIG2,.JB2,.eps]
(grfext)             \AppendGraphicsExtensions on input line 452.
 (/usr/local/texlive/2015/texmf-dist/tex/latex/latexconfig/epstopdf-sys.cfg
File: epstopdf-sys.cfg 2010/07/13 v1.3 Configuration of (r)epstopdf for TeX Live
))
Foldmarks: no
Head of first page

Overfull \vbox (34.58914pt too high) detected at line 24
 []


Class scrlttr2 Warning: head of first page is 34.58914pt too high.
(scrlttr2)              You have to change `firstheadvpos'
(scrlttr2)              or you have to define a smaller
(scrlttr2)              head of first page using \setkomavar.
(scrlttr2)              Because of this too high head of first page
(scrlttr2)              you've got an overfull \vbox message on input line 24.

Foot of first page
Address (addressee)

Class scrlttr2 Warning: Usage of deprecated font command `\it'!
(scrlttr2)              You should note, that in 1994 font command `\it' has
(scrlttr2)              been defined for compatiblitiy to Script 2.0 only.
(scrlttr2)              Now, after two decades of LaTeX2e and NFSS2, you
(scrlttr2)              shouldn't use such commands any longer and within
(scrlttr2)              KOMA-Script usage of `\it' is definitely deprecated.
(scrlttr2)              See `fntguide.pdf' for more information about
(scrlttr2)              recommended font commands.
(scrlttr2)              Note also, that KOMA-Script will remove the definition
(scrlttr2)              of `\it' anytime until release of about version 3.20.
(scrlttr2)              But for now, KOMA-Script will replace deprecated `\it'
(scrlttr2)              by `\normalfont \itshape ' on input line 24.


Class scrlttr2 Warning: Usage of deprecated font command `\it'!
(scrlttr2)              You should note, that in 1994 font command `\it' has
(scrlttr2)              been defined for compatiblitiy to Script 2.0 only.
(scrlttr2)              Now, after two decades of LaTeX2e and NFSS2, you
(scrlttr2)              shouldn't use such commands any longer and within
(scrlttr2)              KOMA-Script usage of `\it' is definitely deprecated.
(scrlttr2)              See `fntguide.pdf' for more information about
(scrlttr2)              recommended font commands.
(scrlttr2)              Note also, that KOMA-Script will remove the definition
(scrlttr2)              of `\it' anytime until release of about version 3.20.
(scrlttr2)              But for now, KOMA-Script will replace deprecated `\it'
(scrlttr2)              by `\normalfont \itshape ' on input line 24.

Location field: empty
Title: no
Subject: no
[1

{/usr/local/texlive/2015/texmf-var/fonts/map/pdftex/updmap/pdftex.map}]
LaTeX Font Info:    Try loading font information for OMS+cmr on input line 40.
 (/usr/local/texlive/2015/texmf-dist/tex/latex/base/omscmr.fd
File: omscmr.fd 2014/09/29 v2.5h Standard LaTeX font definitions
)
LaTeX Font Info:    Font shape `OMS/cmr/m/n' in size <12> not available
(Font)              Font shape `OMS/cmsy/m/n' tried instead on input line 40.
 <Signature.png, id=8, 202.356pt x 140.2038pt>
File: Signature.png Graphic file (type png)
 <use Signature.png>
Package pdftex.def Info: Signature.png used on input line 66.
(pdftex.def)             Requested size: 125.47739pt x 86.93828pt.
 [2 </Users/andrewkeinsley/Documents/Fiscal_Money_Paper/Cover_Letter/Signature.png>] (/Users/andrewkeinsley/Documents/Fiscal_Money_Paper/Cover_Letter/Cover_Letter.aux) ) 
Here is how much of TeX's memory you used:
 3653 strings out of 493089
 55941 string characters out of 6134842
 186688 words of memory out of 5000000
 7116 multiletter control sequences out of 15000+600000
 4849 words of font info for 18 fonts, out of 8000000 for 9000
 1141 hyphenation exceptions out of 8191
 47i,9n,47p,506b,240s stack positions out of 5000i,500n,10000p,200000b,80000s
</usr/local/texlive/2015/texmf-dist/fonts/type1/public/amsfonts/cm/cmbx12.pfb></usr/local/texlive/2015/texmf-dist/fonts/type1/public/amsfonts/cm/cmr12.pfb></usr/local/texlive/2015/texmf-dist/fonts/type1/public/amsfonts/cm/cmsy10.pfb></usr/local/texlive/2015/texmf-dist/fonts/type1/public/amsfonts/cm/cmti12.pfb>
Output written on /Users/andrewkeinsley/Documents/Fiscal_Money_Paper/Cover_Letter/Cover_Letter.pdf (2 pages, 148948 bytes).
PDF statistics:
 30 PDF objects out of 1000 (max. 8388607)
 19 compressed objects within 1 object stream
 0 named destinations out of 1000 (max. 500000)
 6 words of extra memory for PDF output out of 10000 (max. 10000000)

